<?xml version="1.0" encoding="UTF-8"?>
<!-- Generated by org.testng.reporters.JUnitReportReporter -->
<testsuite hostname="DESKTOP-0V02D0F" failures="0" tests="1" name="org.Utility.DriverManager" time="4.995" errors="0" timestamp="8 May 2024 10:58:49 GMT">
  <testcase classname="org.Utility.DriverManager" name="driverInitialization" time="4.995"/>
</testsuite> <!-- org.Utility.DriverManager -->
