<?xml version="1.0" encoding="UTF-8"?>
<!-- Generated by org.testng.reporters.JUnitReportReporter -->
<testsuite hostname="DESKTOP-0V02D0F" failures="0" tests="1" name="org.Utility.PropertyFileReader" time="0.018" errors="0" timestamp="8 May 2024 10:56:52 GMT">
  <testcase classname="org.Utility.PropertyFileReader" name="prop_Reader" time="0.018"/>
</testsuite> <!-- org.Utility.PropertyFileReader -->
